  App.cpp
C:\Projects\ChipBox\headers\ProjectClasses.h(191,34): warning C4267: 'return': conversion from 'size_t' to 'unsigned int', possible loss of data
  GUI.cpp
C:\Projects\ChipBox\headers\ProjectClasses.h(191,34): warning C4267: 'return': conversion from 'size_t' to 'unsigned int', possible loss of data
  GUIClasses.cpp
C:\Projects\ChipBox\headers\ProjectClasses.h(191,34): warning C4267: 'return': conversion from 'size_t' to 'unsigned int', possible loss of data
C:\Projects\ChipBox\source\GUIClasses.cpp(351,39): warning C4244: 'argument': conversion from 'int' to 'float', possible loss of data
C:\Projects\ChipBox\source\GUIClasses.cpp(367,47): warning C4244: 'argument': conversion from 'int' to 'float', possible loss of data
C:\Projects\ChipBox\source\GUIClasses.cpp(570,55): warning C4244: 'argument': conversion from 'unsigned int' to 'float', possible loss of data
C:\Projects\ChipBox\source\GUIClasses.cpp(570,23): warning C4244: 'argument': conversion from 'int' to 'float', possible loss of data
C:\Projects\ChipBox\source\GUIClasses.cpp(575,69): warning C4244: 'argument': conversion from 'unsigned int' to 'float', possible loss of data
C:\Projects\ChipBox\source\GUIClasses.cpp(586,89): warning C4244: 'argument': conversion from 'unsigned int' to 'float', possible loss of data
C:\Projects\ChipBox\source\GUIClasses.cpp(586,53): warning C4244: 'argument': conversion from 'unsigned int' to 'float', possible loss of data
C:\Projects\ChipBox\source\GUIClasses.cpp(592,92): warning C4244: 'argument': conversion from 'unsigned int' to 'float', possible loss of data
C:\Projects\ChipBox\source\GUIClasses.cpp(592,56): warning C4244: 'argument': conversion from 'unsigned int' to 'float', possible loss of data
C:\Projects\ChipBox\source\GUIClasses.cpp(676,52): warning C4244: 'argument': conversion from 'int' to 'float', possible loss of data
C:\Projects\ChipBox\source\GUIClasses.cpp(681,43): warning C4244: 'argument': conversion from 'int' to 'float', possible loss of data
C:\Projects\ChipBox\source\GUIClasses.cpp(681,35): warning C4244: 'argument': conversion from 'int' to 'float', possible loss of data
C:\Projects\ChipBox\source\GUIClasses.cpp(687,46): warning C4244: 'argument': conversion from 'int' to 'float', possible loss of data
C:\Projects\ChipBox\source\GUIClasses.cpp(687,38): warning C4244: 'argument': conversion from 'int' to 'float', possible loss of data
C:\Projects\ChipBox\source\GUIClasses.cpp(694,46): warning C4244: 'argument': conversion from 'float' to 'unsigned int', possible loss of data
C:\Projects\ChipBox\source\GUIClasses.cpp(708,19): warning C4244: 'initializing': conversion from 'float' to 'unsigned int', possible loss of data
C:\Projects\ChipBox\source\GUIClasses.cpp(709,19): warning C4244: 'initializing': conversion from 'float' to 'unsigned int', possible loss of data
C:\Projects\ChipBox\source\GUIClasses.cpp(718,61): warning C4244: 'argument': conversion from 'int' to 'float', possible loss of data
C:\Projects\ChipBox\source\GUIClasses.cpp(720,34): warning C4244: 'argument': conversion from 'int' to 'float', possible loss of data
C:\Projects\ChipBox\source\GUIClasses.cpp(722,43): warning C4244: 'argument': conversion from 'int' to 'float', possible loss of data
C:\Projects\ChipBox\source\GUIClasses.cpp(722,33): warning C4244: 'argument': conversion from 'int' to 'float', possible loss of data
C:\Projects\ChipBox\source\GUIClasses.cpp(724,46): warning C4244: 'argument': conversion from 'int' to 'float', possible loss of data
C:\Projects\ChipBox\source\GUIClasses.cpp(724,34): warning C4244: 'argument': conversion from 'int' to 'float', possible loss of data
C:\Projects\ChipBox\source\GUIClasses.cpp(747,22): warning C4244: '=': conversion from 'double' to 'T', possible loss of data
          with
          [
              T=float
          ]
C:\Projects\ChipBox\source\GUIClasses.cpp(747,46): warning C4244: '=': conversion from 'double' to 'T', possible loss of data
          with
          [
              T=float
          ]
C:\Projects\ChipBox\source\GUIClasses.cpp(748,22): warning C4244: '=': conversion from 'double' to 'T', possible loss of data
          with
          [
              T=float
          ]
C:\Projects\ChipBox\source\GUIClasses.cpp(748,46): warning C4244: '=': conversion from 'double' to 'T', possible loss of data
          with
          [
              T=float
          ]
C:\Projects\ChipBox\source\GUIClasses.cpp(749,21): warning C4244: '=': conversion from 'double' to 'T', possible loss of data
          with
          [
              T=float
          ]
C:\Projects\ChipBox\source\GUIClasses.cpp(754,28): warning C4244: 'argument': conversion from 'int' to 'float', possible loss of data
C:\Projects\ChipBox\source\GUIClasses.cpp(769,27): warning C4244: 'argument': conversion from 'int' to 'float', possible loss of data
C:\Projects\ChipBox\source\GUIClasses.cpp(773,27): warning C4244: 'argument': conversion from 'int' to 'float', possible loss of data
C:\Projects\ChipBox\source\GUIClasses.cpp(823,72): warning C4244: '=': conversion from 'float' to 'int', possible loss of data
C:\Projects\ChipBox\source\GUIClasses.cpp(824,18): warning C4244: '=': conversion from 'float' to 'int', possible loss of data
  GUIData.cpp
C:\Projects\ChipBox\headers\ProjectClasses.h(191,34): warning C4267: 'return': conversion from 'size_t' to 'unsigned int', possible loss of data
  Host.cpp
C:\Projects\ChipBox\headers\ProjectClasses.h(191,34): warning C4267: 'return': conversion from 'size_t' to 'unsigned int', possible loss of data
  Keybinds.cpp
C:\Projects\ChipBox\headers\ProjectClasses.h(191,34): warning C4267: 'return': conversion from 'size_t' to 'unsigned int', possible loss of data
  Main.cpp
C:\Projects\ChipBox\headers\ProjectClasses.h(191,34): warning C4267: 'return': conversion from 'size_t' to 'unsigned int', possible loss of data
  ProjectClasses.cpp
C:\Projects\ChipBox\headers\ProjectClasses.h(191,34): warning C4267: 'return': conversion from 'size_t' to 'unsigned int', possible loss of data
C:\Projects\ChipBox\source\ProjectClasses.cpp(40,77): warning C4267: 'argument': conversion from 'size_t' to 'int', possible loss of data
  Generating code
  74 of 849 functions ( 8.7%) were compiled, the rest were copied from previous compilation.
    0 functions were new in current compilation
    3 functions had inline decision re-evaluated but remain unchanged
  Finished generating code
  ChipBox.vcxproj -> C:\Projects\ChipBox\build\release\ChipBox.exe
