Host.obj : error LNK2001: unresolved external symbol "public: static class Steinberg::FUID const Steinberg::Vst::IEditController::iid" (?iid@IEditController@Vst@Steinberg@@2VFUID@3@B)
Host.obj : error LNK2001: unresolved external symbol "public: static class Steinberg::FUID const Steinberg::Vst::IComponent::iid" (?iid@IComponent@Vst@Steinberg@@2VFUID@3@B)
HostClasses.obj : error LNK2019: unresolved external symbol "long __cdecl Steinberg::FUnknownPrivate::atomicAdd(long &,long)" (?atomicAdd@FUnknownPrivate@Steinberg@@YAJAEAJJ@Z) referenced in function "public: virtual unsigned long __cdecl host::AttributeList::addRef(void)" (?addRef@AttributeList@host@@UEAAKXZ)
HostClasses.obj : error LNK2019: unresolved external symbol "public: __cdecl Steinberg::FUID::FUID(void)" (??0FUID@Steinberg@@QEAA@XZ) referenced in function "public: static class Steinberg::FUID __cdecl Steinberg::FUID::fromTUID(char const * const)" (?fromTUID@FUID@Steinberg@@SA?AV12@QEBD@Z)
HostClasses.obj : error LNK2019: unresolved external symbol "public: __cdecl Steinberg::FUID::FUID(class Steinberg::FUID &&)" (??0FUID@Steinberg@@QEAA@$$QEAV01@@Z) referenced in function "public: static class Steinberg::FUID __cdecl Steinberg::FUID::fromTUID(char const * const)" (?fromTUID@FUID@Steinberg@@SA?AV12@QEBD@Z)
HostClasses.obj : error LNK2019: unresolved external symbol "public: __cdecl Steinberg::Vst::PlugInterfaceSupport::PlugInterfaceSupport(void)" (??0PlugInterfaceSupport@Vst@Steinberg@@QEAA@XZ) referenced in function "public: __cdecl host::HostApplication::HostApplication(void)" (??0HostApplication@host@@QEAA@XZ)
HostClasses.obj : error LNK2019: unresolved external symbol "public: long __cdecl Steinberg::ConstString::copyTo16(wchar_t *,unsigned long,long)const " (?copyTo16@ConstString@Steinberg@@QEBAJPEA_WKJ@Z) referenced in function "public: virtual long __cdecl host::HostApplication::getName(wchar_t * const)" (?getName@HostApplication@host@@UEAAJQEA_W@Z)
HostClasses.obj : error LNK2019: unresolved external symbol "public: __cdecl Steinberg::String::String(char const *,long,bool)" (??0String@Steinberg@@QEAA@PEBDJ_N@Z) referenced in function "public: virtual long __cdecl host::HostApplication::getName(wchar_t * const)" (?getName@HostApplication@host@@UEAAJQEA_W@Z)
HostClasses.obj : error LNK2019: unresolved external symbol "public: virtual __cdecl Steinberg::String::~String(void)" (??1String@Steinberg@@UEAA@XZ) referenced in function "public: virtual long __cdecl host::HostApplication::getName(wchar_t * const)" (?getName@HostApplication@host@@UEAAJQEA_W@Z)
HostClasses.obj : error LNK2019: unresolved external symbol "public: __cdecl Steinberg::Vst::HostAttributeList::HostAttributeList(void)" (??0HostAttributeList@Vst@Steinberg@@QEAA@XZ) referenced in function "public: __cdecl host::AttributeList::AttributeList(void)" (??0AttributeList@host@@QEAA@XZ)
HostClasses.obj : error LNK2019: unresolved external symbol "public: virtual __cdecl Steinberg::Vst::HostAttributeList::~HostAttributeList(void)" (??1HostAttributeList@Vst@Steinberg@@UEAA@XZ) referenced in function "public: virtual __cdecl host::AttributeList::~AttributeList(void)" (??1AttributeList@host@@UEAA@XZ)
HostClasses.obj : error LNK2001: unresolved external symbol "public: virtual long __cdecl Steinberg::Vst::HostAttributeList::setInt(char const *,__int64)" (?setInt@HostAttributeList@Vst@Steinberg@@UEAAJPEBD_J@Z)
HostClasses.obj : error LNK2001: unresolved external symbol "public: virtual long __cdecl Steinberg::Vst::HostAttributeList::getInt(char const *,__int64 &)" (?getInt@HostAttributeList@Vst@Steinberg@@UEAAJPEBDAEA_J@Z)
HostClasses.obj : error LNK2001: unresolved external symbol "public: virtual long __cdecl Steinberg::Vst::HostAttributeList::setFloat(char const *,double)" (?setFloat@HostAttributeList@Vst@Steinberg@@UEAAJPEBDN@Z)
HostClasses.obj : error LNK2001: unresolved external symbol "public: virtual long __cdecl Steinberg::Vst::HostAttributeList::getFloat(char const *,double &)" (?getFloat@HostAttributeList@Vst@Steinberg@@UEAAJPEBDAEAN@Z)
HostClasses.obj : error LNK2001: unresolved external symbol "public: virtual long __cdecl Steinberg::Vst::HostAttributeList::setString(char const *,wchar_t const *)" (?setString@HostAttributeList@Vst@Steinberg@@UEAAJPEBDPEB_W@Z)
HostClasses.obj : error LNK2001: unresolved external symbol "public: virtual long __cdecl Steinberg::Vst::HostAttributeList::getString(char const *,wchar_t *,unsigned long)" (?getString@HostAttributeList@Vst@Steinberg@@UEAAJPEBDPEA_WK@Z)
HostClasses.obj : error LNK2001: unresolved external symbol "public: virtual long __cdecl Steinberg::Vst::HostAttributeList::setBinary(char const *,void const *,unsigned long)" (?setBinary@HostAttributeList@Vst@Steinberg@@UEAAJPEBDPEBXK@Z)
HostClasses.obj : error LNK2001: unresolved external symbol "public: virtual long __cdecl Steinberg::Vst::HostAttributeList::getBinary(char const *,void const * &,unsigned long &)" (?getBinary@HostAttributeList@Vst@Steinberg@@UEAAJPEBDAEAPEBXAEAK@Z)
HostClasses.obj : error LNK2019: unresolved external symbol "public: __cdecl Steinberg::Vst::HostMessage::HostMessage(void)" (??0HostMessage@Vst@Steinberg@@QEAA@XZ) referenced in function "public: __cdecl host::Message::Message(void)" (??0Message@host@@QEAA@XZ)
HostClasses.obj : error LNK2019: unresolved external symbol "public: virtual __cdecl Steinberg::Vst::HostMessage::~HostMessage(void)" (??1HostMessage@Vst@Steinberg@@UEAA@XZ) referenced in function "public: virtual __cdecl host::Message::~Message(void)" (??1Message@host@@UEAA@XZ)
HostClasses.obj : error LNK2001: unresolved external symbol "public: virtual char const * __cdecl Steinberg::Vst::HostMessage::getMessageID(void)" (?getMessageID@HostMessage@Vst@Steinberg@@UEAAPEBDXZ)
HostClasses.obj : error LNK2001: unresolved external symbol "public: virtual void __cdecl Steinberg::Vst::HostMessage::setMessageID(char const *)" (?setMessageID@HostMessage@Vst@Steinberg@@UEAAXPEBD@Z)
HostClasses.obj : error LNK2001: unresolved external symbol "public: virtual class Steinberg::Vst::IAttributeList * __cdecl Steinberg::Vst::HostMessage::getAttributes(void)" (?getAttributes@HostMessage@Vst@Steinberg@@UEAAPEAVIAttributeList@23@XZ)
HostClasses.obj : error LNK2001: unresolved external symbol "public: static class Steinberg::FUID const Steinberg::FUnknown::iid" (?iid@FUnknown@Steinberg@@2VFUID@2@B)
HostClasses.obj : error LNK2001: unresolved external symbol "public: static class Steinberg::FUID const Steinberg::Vst::IAttributeList::iid" (?iid@IAttributeList@Vst@Steinberg@@2VFUID@3@B)
HostClasses.obj : error LNK2001: unresolved external symbol "public: static class Steinberg::FUID const Steinberg::Vst::IMessage::iid" (?iid@IMessage@Vst@Steinberg@@2VFUID@3@B)
HostClasses.obj : error LNK2001: unresolved external symbol "public: static class Steinberg::FUID const Steinberg::Vst::IHostApplication::iid" (?iid@IHostApplication@Vst@Steinberg@@2VFUID@3@B)
HostClasses.obj : error LNK2001: unresolved external symbol "public: static class Steinberg::FUID const Steinberg::Vst::IComponentHandler::iid" (?iid@IComponentHandler@Vst@Steinberg@@2VFUID@3@B)
HostClasses.obj : error LNK2001: unresolved external symbol "public: static class Steinberg::FUID const Steinberg::Vst::IUnitHandler::iid" (?iid@IUnitHandler@Vst@Steinberg@@2VFUID@3@B)
HostClasses.obj : error LNK2001: unresolved external symbol "public: static class Steinberg::FUID const Steinberg::IPlugFrame::iid" (?iid@IPlugFrame@Steinberg@@2VFUID@2@B)
C:\Projects\ChipBox\build\debug\64-bit\ChipBox.exe : fatal error LNK1120: 31 unresolved externals
