  GUIClasses.cpp
C:\Users\Chipnertkj\Documents\Projects\ChipBox\GUIClasses.cpp(90,19): warning C4244: '+=': conversion from 'T' to 'int', possible loss of data
          with
          [
              T=float
          ]
C:\Users\Chipnertkj\Documents\Projects\ChipBox\GUIClasses.cpp(91,19): warning C4244: '+=': conversion from 'T' to 'int', possible loss of data
          with
          [
              T=float
          ]
C:\Users\Chipnertkj\Documents\Projects\ChipBox\GUIClasses.cpp(128,99): warning C4244: 'argument': conversion from '_Ty' to 'uint8_t', possible loss of data
          with
          [
              _Ty=float
          ]
  Generating code
  2 of 365 functions ( 0.5%) were compiled, the rest were copied from previous compilation.
    0 functions were new in current compilation
    2 functions had inline decision re-evaluated but remain unchanged
  Finished generating code
  ChipBox.vcxproj -> C:\Users\Chipnertkj\Documents\Projects\ChipBox\Win32\Release\ChipBox.exe
