c:\users\chipnertkj\documents\github\chipbox c++\chipbox\x64\debug\vc141.pdb
c:\users\chipnertkj\documents\github\chipbox c++\chipbox\x64\debug\vc141.idb
c:\users\chipnertkj\documents\github\chipbox c++\chipbox\x64\debug\main.obj
c:\users\chipnertkj\documents\github\chipbox c++\x64\debug\chipbox.pdb
c:\users\chipnertkj\documents\github\chipbox c++\chipbox\x64\debug\chipbox.tlog\cl.command.1.tlog
c:\users\chipnertkj\documents\github\chipbox c++\chipbox\x64\debug\chipbox.tlog\cl.read.1.tlog
c:\users\chipnertkj\documents\github\chipbox c++\chipbox\x64\debug\chipbox.tlog\cl.write.1.tlog
c:\users\chipnertkj\documents\github\chipbox c++\chipbox\x64\debug\chipbox.tlog\link-cvtres.read.1.tlog
c:\users\chipnertkj\documents\github\chipbox c++\chipbox\x64\debug\chipbox.tlog\link-cvtres.write.1.tlog
c:\users\chipnertkj\documents\github\chipbox c++\chipbox\x64\debug\chipbox.tlog\link-rc.read.1.tlog
c:\users\chipnertkj\documents\github\chipbox c++\chipbox\x64\debug\chipbox.tlog\link-rc.write.1.tlog
c:\users\chipnertkj\documents\github\chipbox c++\chipbox\x64\debug\chipbox.tlog\link.7216-cvtres.read.1.tlog
c:\users\chipnertkj\documents\github\chipbox c++\chipbox\x64\debug\chipbox.tlog\link.7216-cvtres.write.1.tlog
c:\users\chipnertkj\documents\github\chipbox c++\chipbox\x64\debug\chipbox.tlog\link.7216-rc.read.1.tlog
c:\users\chipnertkj\documents\github\chipbox c++\chipbox\x64\debug\chipbox.tlog\link.7216-rc.write.1.tlog
c:\users\chipnertkj\documents\github\chipbox c++\chipbox\x64\debug\chipbox.tlog\link.7216.read.1.tlog
c:\users\chipnertkj\documents\github\chipbox c++\chipbox\x64\debug\chipbox.tlog\link.7216.write.1.tlog
c:\users\chipnertkj\documents\github\chipbox c++\chipbox\x64\debug\chipbox.tlog\link.command.1.tlog
c:\users\chipnertkj\documents\github\chipbox c++\chipbox\x64\debug\chipbox.tlog\link.read.1.tlog
c:\users\chipnertkj\documents\github\chipbox c++\chipbox\x64\debug\chipbox.tlog\link.write.1.tlog
